<?xml version="1.0" encoding="UTF-8"?>
<!-- Generated by org.testng.reporters.JUnitReportReporter -->
<testsuite hostname="UmaMoulika" failures="0" tests="1" name="com.capstone.suite.UseCase1" time="2.926" errors="0" timestamp="2023-08-08T15:43:02 IST" skipped="0">
  <testcase classname="com.capstone.suite.UseCase1" name="HandlingMenuItems" time="2.926"/>
  <system-out/>
</testsuite> <!-- com.capstone.suite.UseCase1 -->
